4 24
10 27
24 124
31 72
42 140
45 98
51 77
51 122
75 123
90 176
93 104
110 113
118 206
123 187
123 223
137 214
144 153
155 209
161 183
173 272
176 266
185 281
196 268
200 299
209 220
215 233
217 231
220 293
226 229
233 264
233 272
255 341
262 353
264 349
265 304
287 343
292 392
293 374
309 324
319 389
334 338
334 369
338 374
339 348
342 440
350 429
355 433
356 454
356 398
359 441
360 367
374 443
377 456
381 462
385 420
437 468
453 462
456 464
459 527
463 560
475 523
484 511
498 517
500 538
520 608
535 601
537 621
538 624
549 576
561 611
564 662
579 627
590 660
605 700
606 667
615 669
619 657
619 622
620 631
620 709
622 638
626 720
630 631
638 650
639 649
644 681
645 669
672 698
674 709
683 717
703 710
709 754
713 748
725 794
728 808
733 823
744 807
750 850
751 775
773 811
782 832
785 802
786 812
787 841
795 870
797 871
803 855
809 889
811 836
822 879
834 884
837 898
839 845
840 854
846 853
850 925
861 862
864 923
869 910
893 965
901 963
905 946
917 977
920 969
920 928
923 925
928 932
934 1027
938 1026
942 1041
946 991
957 1000
964 967
966 1040
966 1043
976 982
983 1049
989 1023
993 996
1010 1099
1014 1054
1023 1065
1042 1064
1043 1131
1068 1105
1081 1139
1082 1169
1095 1183
1111 1119
1114 1121
1115 1176
1117 1197
1128 1168
1139 1202
1143 1209
1149 1173
1154 1243
1165 1195
1167 1205
1173 1249
1173 1230
1176 1254
1178 1191
1178 1265
1192 1244
1195 1294
1203 1269
1211 1212
1221 1321
1231 1259
1242 1277
1243 1257
1247 1329
1248 1341
1249 1342
1264 1287
1267 1351
1268 1272
1276 1340
1276 1343
1279 1346
1279 1340
1281 1308
1283 1370
1286 1334
1296 1376
1305 1374
1306 1351
1307 1361
1310 1364
1320 1322
1321 1401
1322 1385
1323 1364
1327 1383
1347 1379
1351 1354
1369 1430
1375 1443
1376 1437
1376 1394
1378 1442
1383 1415
1386 1462
1386 1406
1388 1408
1393 1429
1394 1431
1400 1455
1400 1420
1404 1447
1416 1438
1421 1438
1427 1487
1443 1481
1447 1464
1468 1475
1472 1482
1478 1522
1479 1517
1484 1501
1497 1506
1503 1554
1505 1595
1510 1566
1512 1607
1528 1606
1538 1585
1539 1627
1551 1626
1559 1632
1578 1675
1585 1683
1597 1682
1604 1704
1608 1613
1610 1639
1614 1637
1615 1670
1618 1714
1630 1649
1640 1652
1643 1653
1652 1662
1657 1697
1657 1700
1658 1695
1662 1727
1669 1689
1670 1692
1680 1734
1684 1711
1687 1734
1687 1727
1690 1773
1691 1725
1719 1722
1731 1751
1731 1782
1732 1818
1745 1823
1749 1845
1756 1772
1776 1808
1777 1816
1785 1823
1788 1843
1798 1821
1799 1841
1801 1819
1805 1879
1819 1912
1828 1832
1836 1886
1839 1935
1861 1931
1862 1959
1867 1884
1870 1962
1878 1939
1879 1918
1881 1907
1885 1891
1890 1969
1895 1965
1899 1951
1904 1908
1908 1955
1909 1968
1921 1981
1927 1942
1933 1975
1933 1983
1933 2024
1936 1992
1945 1995
1946 2010
1955 2032
1962 2006
1969 1972
1972 2052
1981 2041
1985 2052
1988 2081
1994 2060
2000 2091
2008 2063
2009 2109
2010 2011
2012 2101
2019 2073
2042 2082
2044 2122
2048 2072
2050 2138
2060 2076
2063 2127
2067 2082
2074 2101
2086 2118
2088 2110
2088 2112
2091 2162
2094 2153
2100 2129
2101 2199
2103 2167
2114 2209
2119 2159
2119 2143
2120 2166
2122 2173
2125 2202
2125 2205
2134 2164
2137 2213
2144 2223
2156 2203
2164 2239
2167 2241
2168 2219
2172 2222
2174 2214
2182 2243
2190 2249
2195 2286
2197 2266
2197 2199
2212 2272
2215 2287
2224 2250
2227 2264
2227 2283
2237 2274
2239 2280
2240 2241
2243 2284
2251 2297
2252 2270
2262 2359
2266 2284
2268 2362
2279 2339
2282 2322
2288 2314
2297 2333
2299 2381
2307 2316
2309 2313
2315 2325
2325 2344
2329 2338
2334 2342
2334 2405
2337 2393
2341 2421
2342 2366
2362 2381
2372 2401
2378 2411
2384 2436
2390 2431
2404 2480
2419 2487
2423 2462
2426 2443
2427 2524
2430 2436
2437 2494
2453 2519
2465 2537
2475 2525
2476 2530
2491 2586
2496 2538
2496 2558
2501 2504
2503 2536
2511 2577
2514 2553
2524 2615
2526 2531
2526 2609
2538 2539
2541 2549
2546 2568
2559 2567
2571 2651
2580 2617
2595 2692
2599 2646
2603 2636
2607 2662
2613 2637
2616 2699
2621 2686
2626 2699
2631 2719
2635 2662
2642 2691
2647 2654
2653 2691
2662 2682
2666 2675
2702 2791
2702 2770
2712 2762
2731 2767
2743 2829
2749 2835
2749 2825
2751 2774
2754 2847
2756 2817
2771 2868
2775 2868
2781 2846
2782 2810
2785 2804
2823 2865
2829 2908
2838 2851
2843 2857
2848 2947
2852 2871
2860 2872
2862 2950
2865 2961
2869 2873
2871 2937
2876 2891
2880 2949
2889 2981
2896 2927
2904 2954
2906 2923
2916 2978
2918 2983
2924 2991
2925 2935
2925 3019
2925 3021
2936 2997
2945 2950
2956 3007
2958 2989
2962 3043
2981 3020
2993 3052
3007 3082
3023 3026
3024 3069
3041 3114
3042 3142
3044 3101
3046 3117
3052 3055
3073 3138
3101 3123
3103 3156
3104 3113
3108 3198
3135 3235
3147 3159
3151 3152
3153 3168
3158 3258
3166 3194
3170 3265
3173 3216
3173 3209
3173 3247
3175 3235
3181 3261
3186 3248
3190 3219
3190 3212
3191 3269
3206 3288
3211 3294
3217 3301
3218 3318
3249 3308
3249 3333
3251 3341
3257 3309
3259 3285
3267 3336
3271 3319
3273 3323
3280 3333
3287 3343
3292 3387
3306 3375
3312 3348
3317 3396
3318 3321
3318 3394
3318 3367
3319 3344
3325 3403
3337 3366
3343 3370
3345 3412
3349 3380
3354 3364
3370 3375
3387 3401
3388 3418
3390 3393
3391 3432
3398 3424
3403 3485
3404 3474
3416 3433
3417 3480
3427 3479
3432 3516
3434 3444
3436 3529
3460 3522
3462 3515
3472 3481
3472 3529
3473 3488
3480 3559
3490 3522
3499 3567
3506 3532
3506 3513
3507 3606
3510 3568
3515 3549
3517 3553
3520 3595
3524 3600
3527 3552
3539 3585
3548 3561
3554 3582
3557 3561
3558 3561
3564 3578
3571 3576
3571 3666
3580 3668
3581 3595
3582 3598
3583 3603
3590 3652
3591 3689
3597 3677
3598 3623
3602 3682
3613 3711
3616 3623
3620 3683
3625 3668
3625 3723
3627 3639
3630 3656
3631 3672
3639 3727
3645 3722
3666 3729
3667 3670
3680 3760
3682 3725
3687 3769
3691 3767
3703 3791
3706 3760
3708 3791
3711 3792
3715 3747
3721 3809
3727 3773
3732 3743
3744 3805
3744 3781
3749 3822
3756 3793
3758 3791
3762 3829
3766 3863
3788 3836
3793 3817
3793 3850
3802 3807
3809 3818
3819 3917
3826 3844
3828 3847
3841 3936
3842 3936
3843 3910
3846 3930
3848 3874
3850 3899
3855 3874
3858 3923
3862 3949
3866 3945
3870 3872
3874 3973
3884 3905
3888 3916
3897 3965
3902 3971
3904 3997
3915 3932
3917 4013
3918 3969
3934 4021
3944 3991
3952 4042
3953 4038
3959 4003
3961 4054
3967 4009
3975 3981
3985 4055
3992 4028
4004 4035
4006 4036
4010 4050
4011 4063
4011 4018
4014 4047
4029 4100
4036 4047
4038 4091
4066 4094
4070 4157
4072 4102
4073 4114
4074 4088
4076 4086
4083 4108
4091 4125
4092 4127
4124 4188
4126 4200
4128 4186
4131 4180
4135 4141
4140 4165
4146 4246
4147 4211
4158 4185
4163 4237
4168 4215
4185 4241
4187 4213
4192 4239
4192 4237
4193 4251
4194 4284
4194 4268
4194 4290
4197 4227
4202 4282
4203 4235
4206 4263
4207 4256
4213 4310
4213 4263
4221 4259
4242 4243
4243 4264
4245 4251
4248 4337
4252 4315
4253 4348
4273 4295
4275 4345
4276 4362
4281 4311
4282 4314
4292 4316
4305 4345
4308 4370
4313 4392
4315 4367
4334 4341
4341 4402
4365 4414
4365 4376
4368 4418
4371 4372
4379 4422
4380 4455
4384 4477
4387 4442
4388 4482
4389 4488
4400 4420
4403 4467
4409 4465
4413 4453
4419 4456
4425 4480
4427 4509
4429 4488
4436 4521
4443 4481
4449 4485
4454 4541
4467 4484
4473 4568
4477 4484
4477 4561
4502 4534
4511 4585
4512 4542
4525 4562
4529 4621
4531 4547
4533 4630
4543 4638
4554 4579
4564 4586
4567 4642
4572 4663
4587 4644
4594 4598
4600 4639
4606 4617
4614 4675
4618 4623
4626 4669
4635 4664
4635 4653
4640 4642
4653 4715
4667 4684
4679 4716
4696 4737
4702 4717
4713 4794
4718 4781
4723 4796
4742 4797
4747 4755
4750 4841
4753 4762
4754 4830
4756 4856
4760 4854
4762 4836
4768 4795
4770 4785
4787 4876
4790 4884
4793 4823
4797 4831
4803 4865
4805 4813
4810 4901
4811 4858
4812 4881
4830 4860
4862 4893
4871 4950
4908 5007
4909 4931
4918 4973
4927 4953
4934 4994
4946 4989
4960 5013
4963 5037
4972 5029
4976 5046
4984 5072
4988 5038
4991 5086
4998 5035
4999 5070
5000 5007
5000 5093
5008 5040
5011 5103
5022 5117
5039 5088
5040 5114
5044 5074
5061 5109
5065 5142
5068 5150
5081 5148
5083 5097
5092 5151
5098 5186
5099 5193
5101 5185
5103 5160
5126 5198
5129 5158
5139 5166
5147 5241
5185 5199
5186 5216
5187 5258
5187 5269
5195 5255
5197 5256
5212 5230
5219 5245
5226 5303
5236 5264
5238 5334
5258 5346
5261 5324
5268 5314
5269 5312
5273 5305
5278 5301
5288 5320
5291 5365
5291 5377
5307 5384
5308 5341
5313 5341
5314 5410
5332 5373
5333 5351
5341 5415
5351 5360
5361 5386
5370 5462
5382 5384
5390 5477
5398 5496
5406 5461
5407 5482
5410 5508
5416 5428
5418 5499
5433 5478
5435 5526
5439 5485
5440 5532
5448 5484
5450 5463
5452 5508
5457 5539
5459 5472
5459 5508
5464 5491
5471 5472
5496 5565
5528 5565
5534 5614
5543 5586
5547 5580
5548 5562
5553 5554
5563 5618
5572 5587
5572 5657
5577 5607
5582 5625
5583 5584
5584 5597
5584 5635
5586 5677
5595 5643
5596 5655
5606 5689
5610 5645
5610 5612
5611 5674
5615 5651
5618 5661
5625 5664
5634 5683
5649 5701
5654 5680
5667 5687
5675 5768
5683 5717
5684 5779
5688 5763
5701 5798
5704 5713
5723 5772
5725 5750
5726 5818
5732 5755
5742 5817
5748 5828
5752 5831
5755 5798
5755 5852
5759 5778
5765 5848
5777 5810
5791 5853
5810 5893
5814 5831
5814 5871
5815 5819
5821 5876
5846 5936
5848 5948
5861 5933
5869 5910
5875 5928
5887 5934
5893 5923
5893 5925
5901 5981
5901 5941
5903 5992
5908 5932
5918 6004
5919 5947
5920 5976
5933 5958
5937 6023
5947 6039
5948 5949
5948 5985
5958 6053
5969 6065
5969 6056
5970 6010
5974 6002
5982 6024
5983 6026
5986 6055
6019 6097
6019 6077
6031 6054
6038 6068
6042 6106
6049 6125
6052 6112
6061 6096
6068 6103
6071 6158
6072 6158
6082 6093
6086 6110
6087 6118
6088 6109
6090 6117
6100 6131
6101 6153
6116 6214
6118 6148
6118 6158
6118 6198
6121 6130
6126 6222
6139 6188
6146 6211
6149 6231
6154 6159
6156 6235
6158 6257
6163 6240
6165 6227
6165 6234
6167 6177
6168 6199
6169 6229
6170 6253
6178 6257
6189 6218
6193 6228
6195 6254
6203 6295
6207 6266
6236 6288
6251 6336
6251 6290
6254 6300
6255 6306
6269 6288
6273 6312
6280 6287
6294 6311
6294 6338
6314 6364
6318 6374
6319 6358
6321 6388
6337 6394
6347 6426
6348 6352
6352 6421
6362 6373
6362 6421
6365 6425
6369 6425
6377 6399
6380 6408
6382 6472
6387 6420
6390 6479
6394 6402
6399 6498
6406 6467
6415 6449
6425 6478
6437 6499
6439 6450
6442 6476
6442 6444
6449 6534
6456 6523
6459 6515
6459 6506
6459 6524
6464 6534
6489 6551
6494 6519
6496 6536
6501 6525
6511 6522
6516 6580
6517 6555
6525 6560
6530 6612
6531 6575
6532 6615
6535 6591
6541 6607
6548 6595
6551 6596
6552 6569
6553 6637
6558 6647
6566 6608
6568 6578
6582 6680
6603 6654
6605 6676
6607 6667
6621 6700
6632 6697
6642 6725
6657 6738
6666 6731
6667 6670
6674 6696
6691 6714
6692 6702
6702 6777
6703 6775
6706 6727
6712 6764
6713 6741
6725 6770
6727 6785
6727 6822
6746 6752
6757 6759
6766 6782
6787 6812
6811 6872
6818 6872
6821 6900
6834 6860
6844 6914
6855 6943
6861 6869
6864 6934
6878 6946
6884 6904
6905 6966
6917 6940
6924 6969
6926 6988
6926 6934
6931 7026
6944 6979
6949 7022
6953 7036
6953 6973
6972 6975
6975 6988
6978 7051
6982 7065
6983 7000
6985 6989
6986 7032
6991 7091
6992 7066
6992 7011
6993 7049
6996 7070
7002 7021
7010 7071
7013 7077
7013 7038
7025 7034
7029 7056
7029 7127
7029 7035
7034 7115
7035 7077
7077 7096
7082 7146
7085 7088
7093 7099
7102 7196
7121 7140
7126 7171
7128 7199
7131 7178
7132 7200
7139 7223
7142 7156
7147 7225
7148 7223
7160 7215
7161 7229
7175 7258
7179 7247
7180 7209
7193 7215
7193 7196
7196 7292
7202 7250
7207 7258
7243 7264
7244 7312
7248 7304
7257 7300
7262 7280
7272 7346
7278 7322
7280 7324
7283 7315
7298 7384
7335 7368
7337 7375
7337 7429
7345 7413
7352 7434
7365 7427
7370 7377
7376 7391
7380 7454
7384 7450
7388 7460
7393 7429
7401 7475
7402 7448
7417 7435
7417 7472
7425 7491
7427 7477
7434 7476
7435 7499
7443 7514
7444 7447
7451 7549
7454 7513
7459 7548
7459 7488
7462 7537
7471 7502
7473 7527
7477 7571
7481 7488
7485 7565
7487 7539
7492 7494
7495 7537
7502 7519
7504 7519
7506 7509
7508 7599
7517 7576
7527 7574
7530 7565
7535 7557
7538 7634
7538 7626
7542 7559
7548 7616
7558 7583
7561 7616
7569 7635
7595 7652
7598 7633
7605 7671
7623 7643
7630 7639
7638 7703
7649 7712
7658 7728
7671 7746
7674 7753
7676 7750
7681 7747
7690 7727
7695 7752
7703 7787
7704 7767
7707 7788
7710 7730
7721 7753
7721 7760
7726 7768
7730 7803
7735 7818
7740 7754
7745 7822
7759 7833
7770 7804
7771 7827
7779 7785
7785 7799
7786 7879
7813 7819
7813 7909
7821 7910
7833 7854
7839 7885
7840 7858
7848 7912
7849 7943
7850 7901
7850 7948
7858 7946
7859 7876
7860 7910
7864 7869
7867 7868
7881 7922
7893 7961
7895 7913
7896 7993
7896 7960
7910 7960
7915 8001
7917 7958
7921 7928
7933 8017
7949 7953
7949 7990
7953 7996
7956 7990
7965 7971
7975 8006
7987 8050
7995 8059
7996 8062
8000 8084
8001 8050
8002 8026
8003 8072
8029 8093
8036 8081
8037 8051
8041 8126
8042 8099
8049 8137
8057 8148
8058 8113
8059 8156
8065 8083
8076 8169
8081 8146
8084 8183
8098 8108
8120 8171
8122 8170
8128 8149
8140 8187
8143 8196
8151 8201
8159 8214
8168 8170
8171 8271
8179 8235
8183 8262
8184 8237
8189 8251
8194 8248
8202 8261
8216 8281
8227 8248
8232 8280
8246 8336
8255 8319
8257 8293
8258 8278
8280 8334
8283 8381
8286 8335
8291 8371
8292 8342
8296 8354
8297 8397
8306 8366
8308 8346
8309 8366
8312 8410
8317 8408
8319 8395
8323 8371
8346 8406
8354 8405
8369 8451
8377 8391
8385 8436
8388 8429
8399 8433
8399 8450
8402 8445
8416 8489
8417 8420
8421 8494
8427 8490
8431 8471
8435 8497
8445 8492
8453 8541
8454 8551
8460 8528
8478 8573
8481 8518
8501 8601
8513 8585
8538 8609
8544 8548
8561 8621
8567 8659
8580 8617
8581 8648
8581 8648
8584 8652
8590 8668
8591 8679
8593 8629
8598 8688
8602 8652
8614 8681
8616 8669
8633 8718
8634 8710
8634 8728
8639 8693
8642 8724
8644 8655
8654 8739
8655 8742
8659 8704
8666 8759
8667 8677
8687 8734
8689 8747
8690 8708
8699 8743
8708 8800
8715 8779
8716 8739
8718 8805
8730 8739
8735 8798
8739 8761
8742 8775
8758 8828
8759 8793
8759 8815
8766 8832
8771 8790
8782 8821
8787 8866
8795 8796
8811 8839
8817 8864
8828 8902
8831 8855
8840 8930
8842 8889
8852 8895
8859 8892
8866 8881
8867 8928
8877 8909
8885 8940
8910 8981
8927 9006
8948 9036
8950 9030
8957 8983
8961 8993
8968 9004
8991 9016
8994 9086
9014 9097
9015 9107
9017 9070
9019 9110
9020 9061
9021 9083
9022 9051
9029 9047
9029 9082
9029 9104
9038 9124
9040 9076
9040 9071
9051 9121
9054 9083
9063 9131
9065 9107
9069 9152
9077 9173
9078 9090
9081 9122
9083 9100
9084 9102
9084 9128
9086 9168
9103 9193
9108 9180
9115 9179
9121 9209
9132 9217
9140 9149
9140 9186
9163 9211
9176 9254
9177 9258
9182 9201
9190 9213
9193 9256
9194 9238
9207 9241
9220 9260
9221 9303
9224 9257
9243 9325
9257 9327
9269 9312
9287 9294
9287 9294
9301 9324
9301 9333
9304 9403
9304 9319
9308 9317
9323 9375
9332 9376
9337 9388
9345 9428
9348 9403
9350 9397
9350 9433
9365 9441
9368 9416
9389 9394
9410 9452
9410 9445
9413 9461
9413 9493
9442 9481
9443 9461
9461 9481
9467 9513
9469 9525
9471 9498
9474 9505
9477 9546
9480 9514
9485 9552
9489 9565
9519 9618
9537 9576
9544 9560
9562 9610
9567 9618
9571 9645
9584 9673
9588 9673
9591 9636
9600 9676
9621 9715
9626 9637
9627 9671
9638 9653
9638 9697
9641 9740
9649 9707
9649 9707
9664 9741
9665 9668
9670 9747
9684 9685
9689 9708
9703 9712
9707 9806
9708 9774
9721 9783
9727 9742
9736 9756
9737 9774
9744 9789
9746 9756
9753 9813
9759 9818
9763 9855
9767 9811
9779 9832
9785 9881
9788 9845
9790 9871
9792 9820
9792 9849
9803 9834
9805 9900
9808 9907
9812 9897
9814 9846
9817 9854
9818 9853
9822 9881
9828 9861
9834 9908
9839 9921
9847 9910
9850 9903
9858 9925
9860 9886
9861 9889
9869 9920
9876 9946
9889 9939
9890 9985
9909 9942
9913 9936
9915 9999
9937 10008
9938 9966
9938 9955
9943 10040
9946 10043
9947 10027
9957 9960
9962 10017
9967 10048
9967 9980
9968 10000
9969 9990
9975 9996
9979 10053
9980 10045
9986 10004
9986 10082
9988 10025
9992 10001
9994 10085
9999 10020
10010 10044
10013 10104
10024 10088
10042 10100
10055 10091
10059 10110
10064 10142
10069 10118
10083 10149
10084 10180
10089 10094
10096 10117
10097 10159
10124 10223
10132 10179
10146 10229
10156 10194
10162 10163
10166 10194
10171 10197
10178 10256
10180 10202
10188 10264
10195 10268
10200 10276
10215 10306
10220 10311
10221 10230
10230 10274
10232 10276
10236 10318
10247 10307
10252 10316
10253 10275
10262 10330
10264 10318
10264 10308
10270 10275
10274 10347
10280 10370
10295 10325
10326 10424
10352 10449
10357 10413
10362 10373
10370 10453
10382 10408
10387 10421
10403 10430
10403 10428
10405 10436
10406 10494
10415 10489
10417 10418
10425 10476
10437 10527
10444 10506
10449 10493
10453 10497
10459 10497
10462 10544
10464 10559
10466 10474
10468 10510
10508 10534
10516 10523
10520 10583
10522 10578
10528 10558
10530 10621
10533 10579
10541 10584
10551 10630
10552 10554
10577 10579
10579 10591
10584 10668
10586 10614
10587 10638
10588 10624
10597 10610
10619 10690
10623 10673
10624 10631
10632 10707
10633 10674
10636 10647
10646 10692
10646 10652
10656 10667
10663 10678
10667 10707
10670 10704
10673 10688
10676 10750
10677 10720
10687 10763
10690 10764
10705 10780
10707 10774
10719 10734
10719 10805
10723 10741
10750 10840
10756 10785
10766 10804
10766 10785
10767 10810
10783 10814
10792 10847
10796 10844
10797 10874
10813 10820
10828 10884
10832 10927
10839 10843
10878 10882
10900 10926
10904 10934
10919 10994
10920 10978
10930 10982
10945 11002
10955 10957
10972 11009
10983 11047
10987 10999
11014 11087
11015 11085
11022 11082
11023 11072
11024 11045
11040 11093
11046 11123
11047 11068
11048 11067
11064 11110
11078 11099
11083 11169
11104 11124
11110 11189
11118 11157
11123 11200
11123 11179
11124 11161
11126 11221
11127 11160
11134 11188
11135 11189
11142 11202
11146 11234
11158 11250
11160 11179
11173 11235
11175 11247
11188 11196
11198 11269
11205 11227
11211 11272
11220 11226
11221 11255
11228 11238
11242 11282
11256 11280
11261 11358
11264 11269
11276 11306
11279 11354
11285 11375
11299 11307
11301 11364
11302 11325
11305 11367
11312 11344
11312 11407
11318 11368
11318 11337
11326 11423
11329 11399
11329 11342
11335 11374
11345 11351
11356 11439
11357 11371
11361 11382
11368 11386
11373 11433
11387 11394
11388 11452
11399 11471
11403 11412
11403 11490
11403 11413
11436 11457
11452 11532
11454 11483
11458 11459
11461 11485
11466 11496
11468 11519
11478 11565
11481 11577
11483 11545
11504 11507
11542 11640
11544 11635
11558 11621
11561 11623
11590 11601
11594 11669
11609 11624
11611 11711
11612 11646
11617 11679
11624 11681
11629 11689
11629 11706
11638 11708
11639 11664
11648 11664
11651 11739
11663 11682
11681 11734
11682 11694
11685 11706
11686 11737
11688 11741
11688 11738
11689 11747
11689 11782
11692 11721
11693 11696
11702 11719
11702 11757
11706 11751
11708 11718
11711 11787
11714 11782
11718 11788
11721 11817
11725 11789
11726 11799
11726 11728
11729 11760
11739 11801
11748 11791
11753 11848
11753 11845
11769 11800
11774 11782
11777 11860
11781 11782
11789 11859
11790 11866
11811 11888
11819 11874
11828 11830
11828 11876
11831 11911
11836 11906
11837 11875
11839 11879
11842 11895
11843 11903
11844 11873
11848 11878
11850 11929
11870 11872
11871 11886
11875 11934
11880 11881
11884 11951
11905 11966
11906 11945
11914 11940
11919 11944
11921 11968
11932 12001
11941 11981
11950 12003
11953 12000
11959 12012
11960 12007
11962 12012
11975 11988
11979 12013
11985 12056
11990 12061
11998 12015
12015 12107
12025 12033
12033 12072
12051 12073
12064 12105
12078 12102
12086 12175
12107 12151
12111 12151
12114 12185
12120 12187
12122 12210
12123 12219
12125 12191
12128 12166
12137 12182
12137 12222
12151 12174
12162 12193
12177 12254
12178 12238
12200 12245
12204 12292
12209 12228
12210 12294
12214 12285
12217 12306
12234 12267
12235 12256
12236 12277
12249 12316
12257 12259
12263 12349
12269 12282
12272 12360
12273 12346
12276 12303
12281 12336
12285 12306
12295 12394
12297 12304
12301 12320
12303 12380
12303 12392
12305 12349
12323 12376
12344 12383
12347 12422
12353 12373
12356 12365
12362 12394
12367 12399
12376 12425
12392 12395
12393 12403
12398 12412
12407 12506
12408 12420
12411 12437
12418 12472
12429 12461
12434 12527
12435 12490
12437 12498
12439 12481
12440 12534
12441 12519
12442 12534
12454 12485
12464 12495
12471 12483
12472 12507
12480 12541
12495 12556
12501 12503
12506 12580
12507 12582
12510 12585
12521 12613
12523 12569
12529 12619
12531 12584
12535 12561
12552 12639
12557 12604
12558 12601
12558 12647
12565 12598
12573 12607
12585 12631
12587 12632
12601 12695
12603 12697
12615 12618
12637 12734
12642 12695
12652 12699
12656 12742
12657 12754
12661 12691
12666 12694
12667 12699
12677 12756
12691 12736
12706 12742
12709 12799
12717 12808
12720 12728
12723 12807
12731 12792
12739 12837
12750 12810
12751 12753
12753 12759
12764 12802
12772 12782
12785 12823
12787 12833
12812 12838
12816 12869
12837 12913
12841 12905
12845 12880
12853 12907
12859 12924
12865 12878
12868 12930
12869 12925
12872 12952
12873 12912
12873 12957
12880 12964
12897 12922
12903 12951
12928 12946
12931 12938
12944 13011
12944 13011
12953 12988
12954 13048
12964 13063
12965 13038
12966 12980
12999 13012
13001 13057
13003 13032
13010 13078
13019 13084
13027 13031
13036 13089
13038 13106
13041 13088
13048 13108
13055 13119
13060 13144
13061 13107
13065 13122
13073 13080
13075 13154
13077 13149
13092 13167
13095 13130
13100 13152
13102 13144
13102 13174
13106 13141
13108 13133
13117 13183
13122 13146
13129 13139
13131 13193
13132 13145
13133 13189
13133 13181
13148 13229
13152 13204
13157 13188
13159 13182
13160 13217
13166 13173
13171 13213
13181 13274
13187 13261
13188 13222
13197 13219
13197 13220
13211 13293
13220 13250
13221 13259
13226 13236
13235 13241
13254 13294
13258 13295
13265 13359
13267 13319
13272 13363
13273 13292
13281 13336
13284 13287
13292 13326
13297 13354
13301 13366
13304 13396
13307 13402
13308 13332
13318 13325
13327 13368
13331 13370
13334 13426
13343 13427
13344 13387
13345 13360
13379 13390
13383 13483
13395 13422
13395 13486
13396 13414
13398 13441
13398 13488
13403 13454
13404 13440
13406 13489
13408 13449
13409 13509
13417 13452
13417 13486
13421 13466
13421 13501
13443 13540
13449 13478
13451 13480
13451 13492
13456 13546
13460 13557
13460 13476
13462 13542
13466 13522
13472 13491
13481 13520
13481 13555
13482 13491
13487 13519
13496 13532
13497 13577
13500 13560
13502 13588
13502 13521
13503 13589
13505 13591
13509 13588
13514 13577
13514 13543
13524 13597
13526 13570
13536 13549
13550 13589
13550 13600
13555 13643
13564 13569
13582 13590
13583 13632
13585 13589
13589 13596
13602 13622
13629 13707
13634 13674
13642 13655
13657 13680
13658 13691
13658 13752
13659 13680
13664 13695
13666 13717
13669 13701
13673 13690
13687 13767
13689 13733
13694 13696
13694 13736
13696 13706
13701 13786
13710 13747
13716 13770
13739 13796
13747 13777
13750 13810
13751 13811
13751 13839
13762 13782
13762 13839
13767 13824
13773 13856
13774 13871
13780 13819
13783 13823
13784 13824
13788 13839
13790 13860
13796 13860
13800 13848
13811 13843
13812 13872
13812 13816
13813 13836
13819 13855
13821 13912
13827 13852
13830 13894
13830 13851
13837 13882
13866 13888
13866 13905
13870 13939
13876 13934
13889 13962
13897 13985
13903 13949
13910 13958
13913 13964
13917 13986
13924 14017
13924 13976
13931 14021
13936 14017
13949 14018
13958 14044
13967 14066
13975 14017
13984 14050
13998 14081
14001 14007
14002 14062
14011 14043
14018 14095
14022 14089
14022 14097
14026 14125
14034 14070
14035 14051
14044 14114
14057 14071
14059 14098
14070 14089
14074 14138
14080 14161
14089 14151
14092 14182
14099 14138
14105 14115
14109 14126
14113 14135
14117 14170
14118 14160
14122 14144
14126 14225
14128 14210
14130 14148
14130 14151
14134 14138
14138 14165
14155 14245
14170 14242
14173 14239
14182 14191
14183 14219
14189 14273
14191 14216
14197 14281
14200 14240
14202 14296
14212 14278
14219 14264
14226 14227
14242 14326
14243 14303
14255 14321
14264 14330
14265 14313
14271 14275
14282 14345
14293 14304
14307 14311
14334 14369
14336 14374
14344 14390
14346 14438
14359 14377
14362 14377
14407 14443
14419 14476
14430 14490
14431 14444
14448 14457
14449 14548
14454 14478
14454 14542
14457 14537
14458 14526
14471 14488
14478 14523
14484 14568
14486 14532
14491 14508
14501 14565
14509 14579
14515 14567
14517 14616
14522 14532
14531 14615
14554 14574
14563 14625
14575 14608
14576 14647
14578 14671
14583 14677
14591 14619
14593 14650
14603 14645
14608 14696
14619 14699
14619 14629
14626 14666
14640 14709
14642 14651
14648 14729
14660 14742
14673 14767
14679 14689
14697 14750
14701 14725
14708 14715
14712 14787
14726 14826
14737 14768
14751 14766
14756 14770
14756 14820
14767 14849
14768 14795
14769 14829
14785 14881
14791 14836
14792 14845
14793 14839
14795 14829
14821 14855
14824 14904
14826 14830
14830 14922
14843 14873
14849 14850
14849 14892
14851 14867
14852 14883
14854 14927
14854 14931
14856 14919
14860 14958
14862 14959
14868 14912
14888 14945
14896 14920
14898 14993
14900 14938
14902 14946
14903 14928
14906 14947
14917 14927
14920 14944
14931 14944
14937 14994
14939 14953
14951 15048
14957 14960
14969 15040
14987 15069
14989 15037
14993 15011
15001 15063
15013 15066
15017 15039
15027 15111
15029 15081
15029 15063
15029 15088
15032 15104
15037 15122
15044 15069
15049 15088
15049 15074
15050 15077
15050 15064
15063 15085
15071 15146
15072 15131
15075 15149
15089 15166
15095 15151
15096 15158
15097 15196
15107 15156
15112 15146
15119 15126
15123 15185
15130 15136
15133 15223
15136 15195
15156 15215
15157 15254
15184 15200
15189 15223
15193 15223
15198 15280
15215 15298
15218 15273
15220 15235
15234 15237
15252 15264
15266 15365
15269 15310
15271 15304
15282 15374
15287 15378
15289 15323
15290 15317
15294 15310
15296 15378
15302 15344
15320 15396
15323 15366
15323 15385
15331 15345
15333 15376
15346 15390
15351 15424
15354 15358
15358 15426
15362 15461
15363 15427
15366 15417
15366 15437
15369 15422
15372 15383
15372 15412
15376 15416
15378 15403
15382 15406
15390 15450
15394 15431
15397 15422
15405 15485
15416 15475
15422 15513
15443 15519
15444 15483
15445 15503
15454 15517
15459 15501
15462 15517
15463 15560
15463 15505
15471 15516
15474 15568
15475 15535
15491 15497
15494 15584
15497 15569
15511 15573
15514 15594
15520 15581
15534 15604
15535 15633
15537 15551
15537 15546
15540 15617
15553 15573
15557 15641
15559 15579
15561 15647
15575 15667
15585 15626
15595 15681
15596 15649
15600 15658
15608 15609
15614 15617
15632 15725
15647 15687
15656 15668
15686 15714
15690 15785
15690 15782
15706 15745
15707 15798
15721 15732
15725 15816
15730 15796
15747 15840
15751 15844
15751 15829
15778 15790
15791 15845
15795 15889
15796 15797
15799 15831
15802 15888
15804 15883
15804 15813
15808 15898
15831 15870
15834 15915
15835 15884
15835 15898
15854 15950
15854 15922
15865 15965
15868 15883
15872 15906
15873 15948
15876 15973
15878 15881
15881 15956
15884 15938
15890 15914
15890 15906
15891 15925
15895 15919
15900 15942
15903 15914
15906 16005
15927 15994
15932 15954
15950 15992
15954 16039
15956 15984
15964 15979
15970 16004
15986 16082
16006 16008
16016 16018
16027 16032
16030 16121
16030 16119
16032 16041
16044 16065
16060 16070
16064 16073
16076 16083
16080 16114
16084 16130
16089 16181
16096 16175
16101 16170
16126 16152
16133 16153
16150 16155
16155 16196
16157 16162
16163 16224
16167 16173
16172 16251
16175 16223
16184 16246
16189 16288
16189 16260
16192 16231
16193 16259
16196 16267
16197 16219
16198 16220
16211 16245
16224 16269
16230 16281
16242 16294
16251 16269
16251 16327
16252 16299
16256 16277
16260 16278
16260 16329
16279 16339
16280 16316
16291 16351
16309 16400
16310 16375
16321 16400
16321 16339
16322 16360
16327 16354
16335 16417
16346 16396
16357 16390
16361 16402
16374 16465
16376 16385
16382 16446
16382 16440
16385 16419
16386 16390
16400 16419
16403 16492
16404 16417
16405 16429
16406 16411
16411 16503
16414 16493
16422 16498
16423 16461
16429 16468
16433 16466
16446 16528
16454 16521
16461 16463
16466 16519
16472 16516
16496 16591
16501 16599
16505 16557
16514 16570
16524 16621
16527 16544
16541 16625
16543 16593
16550 16596
16556 16565
16557 16607
16573 16631
16586 16669
16606 16642
16607 16621
16613 16638
16620 16693
16624 16632
16628 16641
16630 16650
16645 16742
16650 16729
16650 16665
16650 16655
16663 16741
16673 16717
16679 16766
16682 16710
16693 16769
16706 16773
16711 16725
16721 16779
16731 16764
16745 16788
16761 16768
16763 16832
16774 16818
16775 16854
16777 16811
16783 16805
16786 16877
16810 16878
16816 16875
16823 16905
16829 16859
16840 16907
16860 16882
16866 16883
16893 16898
16893 16952
16902 16968
16906 16913
16910 16939
16910 16991
16910 16958
16915 16950
16916 16925
16920 16942
16939 16981
16977 17032
16985 17071
16987 17082
16987 17021
16990 17010
16992 17036
16997 17024
16998 17009
17001 17075
17003 17009
17008 17027
17015 17104
17018 17052
17020 17051
17052 17099
17057 17074
17058 17111
17067 17078
17082 17107
17087 17147
17091 17144
17110 17208
17117 17193
17121 17203
17128 17156
17129 17180
17134 17230
17151 17212
17160 17240
17171 17181
17176 17180
17187 17194
17198 17252
17211 17265
17212 17258
17237 17249
17240 17316
17244 17341
17248 17293
17274 17330
17282 17373
17286 17371
17286 17335
17290 17310
17307 17347
17309 17367
17312 17374
17317 17370
17320 17420
17329 17410
17330 17406
17341 17412
17350 17393
17350 17443
17353 17356
17353 17415
17362 17393
17364 17440
17382 17448
17384 17438
17389 17416
17390 17476
17405 17484
17417 17472
17423 17466
17429 17432
17435 17530
17440 17475
17441 17498
17448 17500
17450 17459
17464 17553
17468 17501
17470 17520
17473 17519
17486 17521
17489 17530
17491 17514
17502 17599
17504 17552
17507 17532
17508 17566
17508 17564
17510 17534
17511 17566
17514 17605
17537 17600
17548 17554
17548 17644
17550 17575
17551 17584
17552 17587
17559 17579
17564 17621
17571 17623
17574 17635
17574 17601
17583 17662
17587 17682
17590 17623
17591 17639
17596 17611
17597 17670
17598 17600
17608 17670
17610 17696
17615 17668
17621 17660
17624 17698
17648 17741
17651 17721
17661 17677
17664 17690
17680 17700
17685 17764
17690 17768
17703 17768
17706 17739
17714 17739
17718 17766
17723 17812
17725 17782
17741 17815
17750 17826
17760 17816
17762 17803
17766 17826
17766 17776
17775 17836
17786 17849
17789 17851
17810 17815
17820 17865
17823 17875
17824 17920
17824 17899
17828 17917
17828 17920
17829 17887
17846 17854
17868 17874
17873 17903
17884 17885
17895 17988
17896 17975
17902 18000
17908 17996
17908 17960
17923 17988
17944 18009
17945 18036
17952 18007
17958 17967
17961 18058
17977 18007
17982 17994
17986 18024
17987 18015
17991 18052
18003 18049
18005 18087
18024 18109
18032 18118
18035 18107
18035 18129
18039 18082
18050 18115
18065 18110
18070 18162
18083 18174
18091 18139
18093 18153
18105 18197
18117 18189
18134 18195
18139 18203
18143 18155
18147 18164
18148 18228
18154 18160
18156 18235
18158 18197
18159 18171
18161 18250
18183 18229
18187 18283
18190 18247
18204 18269
18206 18260
18209 18244
18218 18267
18227 18303
18231 18274
18238 18278
18240 18299
18247 18299
18261 18292
18268 18297
18272 18296
18278 18321
18279 18371
18285 18383
18289 18376
18289 18310
18290 18313
18299 18302
18299 18330
18304 18322
18323 18367
18334 18378
18345 18391
18366 18437
18376 18461
18379 18389
18380 18463
18388 18464
18410 18480
18414 18479
18422 18450
18426 18460
18440 18484
18447 18476
18465 18483
18474 18554
18481 18556
18486 18561
18498 18516
18499 18559
18502 18536
18515 18609
18516 18578
18520 18610
18524 18591
18524 18612
18547 18627
18549 18596
18551 18570
18551 18554
18561 18622
18572 18652
18572 18669
18573 18655
18584 18680
18592 18633
18594 18599
18608 18656
18616 18686
18626 18709
18630 18698
18645 18727
18645 18662
18651 18665
18655 18712
18660 18746
18667 18730
18671 18712
18688 18743
18688 18768
18690 18706
18698 18762
18703 18796
18710 18712
18723 18798
18726 18761
18743 18795
18747 18804
18756 18820
18769 18786
18780 18806
18782 18802
18792 18888
18794 18889
18795 18870
18796 18809
18796 18871
18799 18853
18801 18895
18809 18817
18827 18853
18866 18903
18888 18955
18890 18978
18904 18975
18918 18965
18928 18999
18955 18974
18960 19013
18987 18995
18987 19080
18988 19067
19007 19086
19017 19020
19018 19031
19027 19118
19041 19136
19041 19138
19056 19115
19062 19078
19063 19108
19064 19084
19072 19114
19072 19107
19075 19129
19091 19156
19119 19169
19126 19147
19138 19227
19148 19152
19161 19223
19163 19236
19164 19187
19167 19183
19167 19228
19181 19200
19185 19276
19201 19231
19216 19279
19221 19291
19222 19285
19230 19277
19233 19254
19240 19297
19243 19297
19244 19250
19249 19347
19255 19277
19259 19268
19265 19278
19272 19298
19279 19283
19279 19310
19282 19355
19285 19371
19286 19327
19291 19385
19291 19310
19291 19363
19292 19340
19294 19363
19301 19356
19302 19388
19305 19378
19333 19342
19340 19407
19342 19398
19354 19408
19358 19386
19365 19412
19375 19465
19387 19437
19387 19448
19390 19444
19398 19410
19425 19519
19427 19486
19436 19458
19452 19543
19462 19523
19476 19523
19477 19513
19481 19485
19489 19493
19504 19533
19504 19604
19521 19618
19526 19617
19532 19573
19533 19620
19534 19614
19539 19623
19546 19603
19553 19589
19558 19605
19559 19577
19559 19636
19559 19644
19561 19618
19576 19603
19577 19590
19612 19654
19617 19643
19619 19712
19630 19656
19632 19719
19641 19722
19642 19710
19650 19731
19664 19762
19667 19713
19672 19759
19677 19710
19687 19736
19688 19762
19693 19789
19696 19731
19703 19710
19724 19726
19732 19757
19732 19821
19738 19766
19739 19837
19744 19806
19751 19795
19754 19802
19758 19778
19766 19795
19767 19847
19769 19771
19771 19852
19780 19847
19782 19848
19783 19817
19783 19879
19799 19853
19801 19897
19803 19829
19813 19908
19817 19827
19826 19857
19836 19894
19838 19882
19838 19886
19855 19877
19858 19930
19861 19878
19863 19912
19864 19930
19864 19899
19872 19953
19882 19943
19893 19900
19909 19962
19922 20011
19940 19983
19942 20007
19953 19963
19966 20042
19984 20016
19986 20024
19995 20050
20001 20019
20008 20092
20014 20085
20015 20105
20026 20078
20042 20139
20043 20139
20051 20059
20063 20111
20073 20088
20078 20143
20079 20087
20092 20115
20099 20175
20102 20181
20111 20146
20113 20143
20114 20198
20128 20211
20132 20188
20149 20180
20158 20181
20164 20226
20169 20200
20174 20202
20174 20188
20174 20197
20176 20195
20180 20185
20180 20206
20191 20244
20193 20256
20196 20200
20196 20270
20196 20209
20204 20210
20207 20273
20209 20294
20209 20298
20210 20229
20224 20278
20228 20247
20237 20252
20248 20290
20252 20272
20256 20260
20263 20343
20268 20282
20269 20323
20274 20304
20282 20356
20284 20349
20286 20378
20286 20373
20302 20341
20302 20314
20305 20392
20311 20368
20316 20409
20330 20381
20332 20377
20349 20379
20354 20420
20357 20410
20362 20462
20414 20494
20419 20495
20420 20502
20422 20452
20434 20532
20449 20471
20459 20465
20475 20490
20483 20512
20489 20567
20494 20500
20506 20508
20506 20597
20510 20584
20520 20575
20521 20547
20524 20590
20533 20589
20536 20614
20543 20585
20553 20584
20554 20594
20570 20655
20573 20611
20588 20603
20590 20619
20591 20649
20603 20642
20604 20656
20626 20673
20634 20697
20649 20672
20650 20739
20652 20734
20653 20738
20655 20671
20655 20717
20659 20745
20662 20668
20667 20734
20668 20743
20683 20744
20695 20751
20701 20772
20710 20751
20714 20797
20729 20787
20733 20828
20738 20802
20744 20768
20746 20804
20746 20843
20758 20851
20777 20832
20779 20863
20791 20874
20800 20880
20804 20898
20814 20864
20832 20836
20832 20852
20852 20949
20854 20900
20854 20880
20859 20872
20879 20883
20881 20964
20894 20966
20910 20916
20912 20945
20929 21025
20933 20939
20939 20943
20941 20987
20959 21057
20960 21009
20960 20961
20964 21036
20967 20968
20969 20988
20992 21052
20992 21032
21001 21030
21006 21078
21014 21114
21016 21022
21023 21104
21024 21056
21026 21030
21030 21119
21035 21042
21038 21078
21042 21127
21047 21098
21059 21155
21080 21095
21087 21140
21095 21160
21099 21189
21101 21126
21107 21116
21109 21209
21116 21128
21117 21152
21120 21217
21129 21209
21135 21210
21138 21210
21139 21150
21142 21238
21143 21212
21149 21243
21158 21239
21159 21184
21171 21213
21192 21279
21195 21262
21206 21292
21209 21238
21210 21231
21216 21271
21217 21250
21227 21304
21235 21297
21235 21318
21250 21310
21251 21263
21257 21334
21258 21358
21260 21339
21262 21322
21266 21310
21267 21321
21275 21366
21275 21350
21283 21383
21285 21379
21294 21325
21294 21376
21296 21337
21296 21315
21306 21307
21307 21319
21316 21333
21318 21390
21320 21344
21321 21364
21323 21403
21328 21352
21337 21375
21339 21365
21344 21364
21363 21459
21368 21463
21374 21431
21376 21405
21393 21420
21406 21462
21408 21472
21414 21475
21414 21473
21418 21498
21423 21482
21430 21455
21436 21470
21439 21496
21448 21453
21477 21505
21491 21530
21493 21573
21495 21518
21500 21574
21501 21556
21512 21518
21524 21589
21528 21609
21531 21613
21538 21629
21538 21605
21541 21602
21544 21577
21569 21595
21579 21580
21582 21596
21584 21653
21587 21595
21603 21621
21605 21693
21605 21703
21606 21694
21619 21716
21639 21671
21645 21662
21660 21678
21666 21726
21672 21705
21689 21780
21692 21713
21699 21737
21700 21788
21709 21773
21711 21794
21733 21790
21734 21775
21748 21756
21771 21781
21789 21793
21798 21861
21799 21886
21804 21857
21813 21846
21816 21900
21822 21855
21824 21854
21826 21917
21845 21889
21848 21862
21850 21864
21850 21919
21852 21929
21853 21924
21866 21894
21871 21874
21874 21937
21883 21938
21885 21956
21891 21990
21902 21950
21916 22012
21921 21936
21934 22025
21938 22026
21938 21957
21942 22020
21948 22040
21950 22042
21954 21988
21959 21966
21959 22054
21961 22041
21964 22026
21965 21988
21965 21996
21965 22050
21970 21973
21989 22027
21990 22021
21992 22067
22008 22033
22011 22091
22018 22102
22019 22095
22026 22047
22027 22036
22029 22057
22047 22057
22050 22107
22055 22107
22055 22074
22066 22131
22069 22167
22069 22108
22075 22076
22082 22156
22086 22090
22091 22108
22097 22125
22098 22158
22102 22178
22108 22112
22115 22194
22121 22206
22125 22207
22126 22165
22126 22196
22135 22232
22136 22225
22140 22226
22145 22221
22147 22154
22167 22217
22171 22177
22185 22274
22186 22238
22194 22285
22202 22282
22205 22268
22208 22213
22220 22297
22220 22253
22230 22326
22239 22274
22247 22297
22253 22340
22257 22297
22262 22357
22263 22294
22264 22335
22266 22296
22273 22334
22277 22342
22286 22352
22289 22330
22292 22358
22295 22380
22295 22338
22299 22349
22303 22396
22305 22364
22306 22395
22317 22369
22326 22370
22330 22386
22343 22417
22346 22435
22351 22379
22365 22400
22366 22403
22367 22404
22368 22373
22383 22444
22385 22388
22386 22480
22387 22401
22392 22433
22396 22455
22404 22413
22405 22415
22405 22504
22421 22478
22443 22498
22451 22506
22452 22484
22459 22498
22459 22504
22463 22555
22465 22510
22466 22544
22467 22530
22468 22474
22470 22554
22476 22516
22488 22517
22493 22567
22500 22599
22502 22514
22503 22569
22515 22615
22528 22562
22534 22622
22534 22542
22536 22548
22542 22593
22545 22612
22545 22549
22547 22591
22548 22598
22551 22590
22557 22577
22561 22631
22564 22645
22564 22616
22573 22616
22591 22688
22605 22627
22607 22634
22616 22702
22618 22620
22619 22651
22625 22707
22626 22630
22630 22633
22631 22725
22634 22730
22640 22690
22653 22717
22669 22703
22673 22745
22677 22722
22682 22708
22687 22744
22703 22784
22705 22729
22723 22729
22746 22777
22751 22832
22757 22815
22758 22806
22760 22767
22763 22838
22769 22845
22775 22786
22776 22825
22783 22821
22784 22865
22798 22810
22811 22819
22821 22883
22824 22911
22838 22905
22840 22885
22855 22938
22860 22872
22863 22864
22868 22883
22884 22908
22890 22922
22897 22956
22907 22919
22953 22963
22954 22968
22966 22970
22978 23025
22986 23021
22995 23014
22998 23075
23001 23081
23002 23092
23002 23044
23005 23051
23007 23018
23015 23111
23027 23126
23030 23103
23038 23075
23039 23050
23042 23083
23045 23087
23046 23127
23053 23129
23063 23064
23063 23066
23091 23115
23091 23141
23092 23167
23103 23149
23122 23192
23127 23200
23128 23222
23131 23176
23135 23215
23136 23210
23149 23213
23152 23251
23154 23204
23156 23219
23181 23260
23201 23258
23203 23285
23209 23212
23217 23221
23219 23273
23227 23260
23227 23262
23237 23302
23245 23326
23251 23289
23253 23327
23257 23326
23260 23282
23261 23263
23266 23338
23273 23281
23288 23374
23302 23384
23309 23398
23313 23387
23336 23367
23340 23347
23342 23413
23343 23425
23354 23400
23355 23395
23355 23356
23365 23394
23373 23455
23376 23418
23381 23462
23383 23400
23399 23447
23416 23470
23418 23466
23423 23474
23424 23483
23428 23501
23432 23449
23435 23490
23439 23496
23451 23544
23471 23548
23489 23521
23509 23599
23511 23576
23511 23524
23523 23565
23527 23565
23531 23559
23535 23629
23536 23610
23542 23634
23544 23592
23546 23587
23552 23618
23553 23612
23554 23588
23556 23562
23561 23581
23576 23597
23577 23581
23580 23598
23582 23596
23585 23673
23596 23624
23602 23689
23603 23688
23603 23624
23607 23693
23610 23690
23612 23654
23614 23702
23620 23701
23622 23693
23622 23664
23622 23682
23623 23681
23624 23639
23644 23729
23660 23760
23661 23675
23669 23751
23673 23685
23674 23688
23688 23696
23690 23723
23699 23700
23699 23797
23701 23792
23702 23767
23727 23814
23729 23738
23742 23772
23748 23830
23755 23804
23757 23792
23767 23788
23774 23810
23789 23817
23805 23829
23805 23830
23808 23854
23811 23848
23812 23879
23814 23889
23828 23916
23834 23921
23839 23902
23841 23872
23845 23903
23856 23893
23866 23871
23871 23927
23872 23880
23876 23933
23885 23976
23886 23893
23890 23963
23895 23951
23897 23990
23898 23917
23900 23931
23902 23941
23909 23939
23918 23931
23933 24032
23939 23997
23947 24021
23973 24004
23991 24024
23995 24088
23995 24036
24013 24061
24027 24080
24029 24122
24037 24040
24044 24070
24045 24079
24052 24115
24073 24075
24079 24082
24083 24118
24094 24150
24096 24149
24100 24119
24107 24112
24119 24207
24125 24209
24126 24206
24129 24205
24133 24213
24153 24229
24155 24193
24155 24239
24158 24256
24209 24274
24215 24254
24223 24284
24225 24307
24226 24307
24230 24241
24246 24308
24256 24297
24258 24322
24258 24333
24263 24345
24280 24310
24282 24375
24307 24356
24309 24409
24310 24319
24316 24340
24318 24375
24328 24368
24328 24329
24333 24370
24342 24380
24349 24409
24351 24380
24354 24392
24356 24387
24359 24400
24376 24378
24383 24402
24415 24496
24416 24463
24418 24472
24420 24492
24437 24489
24444 24540
24447 24512
24450 24513
24450 24500
24452 24494
24457 24487
24461 24553
24468 24532
24469 24533
24490 24517
24513 24525
24514 24613
24514 24522
24520 24522
24520 24580
24525 24527
24534 24595
24536 24560
24540 24619
24546 24640
24573 24672
24580 24591
24587 24677
24595 24596
24595 24609
24623 24723
24628 24719
24647 24692
24647 24707
24651 24702
24653 24705
24653 24732
24656 24717
24661 24681
24672 24765
24674 24692
24676 24761
24676 24692
24679 24721
24702 24737
24702 24744
24703 24750
24709 24809
24720 24750
24721 24729
24726 24745
24729 24742
24741 24780
24755 24836
24764 24854
24774 24866
24775 24856
24775 24791
24778 24834
24794 24888
24795 24801
24803 24820
24805 24905
24811 24905
24812 24830
24814 24900
24814 24846
24840 24902
24841 24875
24855 24917
24885 24980
24889 24962
24890 24972
24935 24965
24941 24985
24946 24974
24952 25001
24961 25043
24979 25032
24985 25072
24989 25044
24997 25086
25014 25095
25015 25062
25022 25096
25025 25106
25032 25033
25038 25044
25061 25074
25076 25159
25084 25170
25090 25118
25096 25169
25107 25204
25109 25120
25112 25181
25116 25191
25121 25137
25134 25171
25142 25223
25146 25184
25148 25214
25165 25215
25166 25184
25167 25251
25168 25207
25179 25255
25179 25264
25189 25221
25196 25276
25199 25285
25212 25264
25212 25279
25217 25303
25224 25316
25228 25318
25232 25239
25234 25249
25252 25329
25253 25293
25254 25275
25257 25329
25257 25348
25262 25293
25264 25316
25265 25298
25274 25317
25275 25284
25276 25358
25283 25296
25284 25316
25292 25348
25301 25318
25306 25364
25325 25418
25342 25354
25342 25442
25345 25364
25346 25435
25349 25384
25350 25441
25355 25427
25362 25380
25367 25373
25368 25411
25374 25408
25385 25439
25388 25467
25390 25453
25394 25459
25397 25416
25397 25492
25399 25419
25406 25410
25407 25413
25408 25476
25415 25462
25415 25471
25426 25443
25435 25466
25439 25483
25447 25525
25451 25455
25454 25541
25460 25552
25461 25511
25463 25550
25466 25481
25474 25561
25478 25480
25479 25533
25480 25572
25481 25532
25484 25535
25484 25489
25495 25500
25498 25553
25501 25556
25501 25567
25503 25531
25506 25583
25507 25540
25510 25528
25515 25576
25522 25569
25526 25614
25540 25586
25542 25606
25544 25600
25550 25579
25552 25567
25569 25665
25573 25611
25573 25585
25582 25617
25584 25675
25591 25655
25591 25635
25597 25608
25598 25679
25612 25647
25613 25700
25614 25623
25616 25622
25618 25679
25622 25716
25622 25706
25628 25710
25639 25659
25643 25675
25645 25647
25660 25741
25667 25702
25667 25758
25672 25685
25677 25728
25680 25684
25684 25754
25691 25760
25698 25781
25715 25797
25724 25747
25728 25750
25736 25812
25751 25783
25764 25801
25766 25838
25767 25846
25776 25859
25776 25876
25777 25825
25783 25790
25792 25858
25803 25845
25810 25848
25817 25872
25825 25846
25829 25906
25832 25889
25841 25912
25845 25885
25848 25893
25854 25916
25855 25886
25866 25867
25876 25967
25885 25944
25886 25905
25894 25993
25903 25978
25903 25918
25933 25956
25939 25973
25939 25959
25941 25961
25943 26040
25945 26044
25947 25959
25952 26040
25954 26007
25956 25996
25958 25984
25958 25988
25964 26064
25964 26003
25968 25983
25984 26066
25987 26045
25989 26037
25992 26077
25993 26054
25994 26020
25996 26014
26003 26071
26009 26087
26011 26028
26012 26030
26016 26083
26021 26119
26023 26083
26025 26097
26030 26073
26035 26124
26043 26065
26046 26125
26047 26145
26050 26135
26056 26106
26057 26155
26057 26152
26058 26154
26062 26160
26062 26113
26062 26096
26071 26106
26081 26086
26084 26152
26084 26127
26090 26126
26102 26154
26106 26113
26123 26145
26144 26166
26145 26235
26152 26181
26155 26217
26156 26165
26159 26258
26170 26184
26188 26272
26190 26222
26192 26282
26197 26247
26207 26267
26207 26290
26209 26251
26214 26300
26230 26243
26235 26253
26249 26268
26249 26256
26275 26304
26276 26318
26276 26312
26284 26365
26294 26359
26295 26348
26316 26412
26318 26345
26323 26352
26343 26433
26346 26389
26358 26418
26360 26434
26404 26431
26407 26476
26410 26498
26430 26442
26451 26484
26454 26538
26475 26572
26480 26516
26483 26555
26489 26570
26498 26595
26508 26550
26509 26516
26510 26556
26511 26548
26514 26593
26518 26595
26520 26539
26520 26530
26525 26543
26540 26606
26541 26548
26542 26599
26549 26592
26557 26639
26568 26661
26572 26578
26575 26633
26576 26665
26578 26593
26578 26629
26579 26638
26588 26640
26592 26606
26595 26628
26599 26621
26600 26683
26603 26700
26605 26628
26632 26718
26637 26722
26637 26672
26640 26648
26643 26657
26649 26672
26662 26741
26679 26751
26680 26735
26691 26722
26694 26750
26694 26724
26697 26786
26709 26719
26715 26724
26726 26820
26732 26747
26736 26799
26741 26814
26742 26801
26742 26779
26751 26787
26761 26860
26763 26805
26767 26825
26773 26835
26776 26796
26780 26819
26782 26871
26783 26833
26789 26862
26793 26890
26797 26845
26804 26807
26806 26852
26808 26882
26810 26843
26825 26913
26847 26902
26848 26924
26851 26870
26851 26919
26858 26886
26860 26869
26870 26917
26871 26913
26872 26928
26873 26875
26874 26923
26879 26905
26886 26888
26889 26947
26889 26936
26892 26952
26897 26931
26900 26995
26912 26955
26916 26938
26922 26948
26937 27000
26941 27008
26956 26999
26966 27016
26967 27056
26985 27073
26995 27095
27003 27064
27005 27030
27006 27096
27014 27088
27014 27031
27019 27108
27022 27112
27024 27108
27024 27124
27028 27106
27042 27047
27045 27057
27057 27074
27063 27109
27069 27156
27073 27133
27083 27149
27091 27098
27100 27151
27126 27222
27127 27137
27127 27210
27140 27177
27145 27228
27147 27229
27158 27205
27161 27229
27167 27262
27170 27241
27184 27213
27192 27204
27198 27248
27208 27293
27208 27283
27212 27229
27212 27246
27212 27293
27213 27261
27214 27252
27215 27219
27218 27240
27221 27250
27223 27314
27260 27275
27264 27273
27267 27288
27269 27345
27305 27333
27312 27334
27313 27376
27317 27362
27317 27406
27341 27385
27349 27446
27353 27408
27358 27443
27358 27409
27362 27415
27363 27397
27368 27405
27375 27382
27376 27463
27391 27491
27397 27443
27397 27402
27398 27467
27402 27485
27417 27486
27417 27440
27422 27477
27423 27498
27436 27450
27438 27516
27441 27534
27477 27479
27482 27576
27494 27524
27495 27557
27500 27567
27502 27565
27520 27547
27541 27586
27546 27579
27547 27549
27558 27577
27564 27593
27564 27613
27568 27662
27571 27655
27577 27614
27577 27658
27580 27616
27580 27597
27584 27610
27589 27653
27599 27685
27619 27711
27620 27657
27623 27710
27629 27695
27634 27679
27645 27664
27651 27712
27660 27731
27661 27736
27663 27676
27674 27756
27678 27683
27689 27746
27691 27735
27698 27710
27713 27780
27714 27781
27721 27791
27721 27771
27722 27819
27727 27735
27727 27791
27730 27815
27738 27751
27751 27827
27762 27855
27765 27829
27787 27887
27788 27819
27791 27883
27791 27806
27792 27805
27793 27812
27810 27894
27824 27856
27829 27851
27834 27894
27840 27879
27842 27921
27844 27862
27851 27938
27852 27922
27854 27866
27869 27959
27869 27876
27877 27925
27890 27951
27891 27964
27895 27969
27896 27899
27898 27981
27900 27914
27918 27924
27929 27945
27934 27999
27948 28027
27955 27984
27973 28021
27973 28010
27989 28019
27993 28041
28000 28047
28001 28024
28006 28008
28011 28086
28038 28088
28039 28086
28044 28081
28045 28084
28047 28131
28054 28087
28055 28096
28056 28097
28062 28077
28066 28080
28067 28118
28107 28149
28109 28145
28115 28203
28120 28149
28121 28140
28123 28214
28125 28163
28126 28169
28139 28192
28139 28180
28139 28211
28145 28225
28159 28160
28168 28214
28179 28212
28188 28189
28197 28243
28200 28259
28207 28304
28221 28312
28222 28287
28224 28317
28229 28325
28245 28317
28253 28303
28254 28337
28259 28266
28260 28353
28262 28284
28265 28273
28271 28363
28271 28276
28284 28333
28286 28328
28286 28382
28292 28340
28296 28325
28298 28316
28298 28336
28306 28344
28308 28343
28316 28342
28332 28346
28333 28432
28357 28378
28359 28397
28363 28431
28365 28455
28372 28379
28374 28463
28377 28416
28385 28413
28394 28416
28404 28461
28409 28468
28410 28411
28412 28491
28415 28457
28417 28455
28441 28478
28442 28500
28446 28469
28455 28532
28465 28487
28465 28507
28483 28551
28483 28578
28486 28522
28489 28570
28493 28509
28494 28592
28495 28577
28495 28582
28503 28541
28512 28606
28512 28521
28513 28588
28522 28560
28528 28585
28530 28618
28530 28599
28534 28566
28537 28586
28537 28613
28544 28631
28552 28554
28553 28612
28564 28645
28579 28672
28579 28586
28584 28666
28585 28648
28589 28637
28615 28658
28633 28659
28637 28677
28656 28746
28657 28730
28658 28661
28659 28732
28667 28764
28673 28768
28673 28740
28675 28774
28682 28711
28701 28717
28709 28714
28713 28802
28713 28746
28722 28771
28733 28767
28737 28765
28743 28804
28763 28767
28768 28787
28774 28786
28775 28787
28778 28856
28779 28863
28795 28827
28809 28882
28810 28843
28813 28901
28817 28916
28818 28904
28835 28878
28841 28858
28851 28910
28876 28934
28882 28911
28894 28915
28896 28971
28899 28974
28901 28971
28905 29003
28914 28963
28927 29021
28930 29018
28940 29025
28943 28962
28949 28962
28955 28984
28955 28996
28957 28974
28958 29041
28959 29018
28961 29040
28963 29039
28965 29038
28965 29041
28965 29051
28970 29032
28980 28996
28993 29030
29001 29026
29011 29032
29018 29053
29028 29097
29030 29090
29036 29109
29057 29096
29058 29060
29071 29137
29078 29136
29090 29154
29094 29118
29096 29130
29121 29126
29125 29204
29126 29175
29131 29224
29142 29196
29143 29159
29144 29188
29147 29240
29151 29162
29152 29174
29155 29225
29164 29218
29167 29236
29173 29176
29176 29217
29189 29201
29208 29282
29209 29261
29217 29276
29222 29305
29224 29286
29232 29278
29242 29276
29245 29337
29261 29284
29263 29338
29263 29285
29264 29287
29265 29323
29273 29360
29287 29368
29288 29371
29291 29294
29291 29328
29292 29301
29304 29372
29308 29314
29311 29367
29318 29407
29325 29388
29329 29395
29339 29365
29340 29352
29342 29434
29349 29443
29351 29384
29358 29378
29364 29434
29391 29457
29394 29440
29403 29440
29403 29407
29407 29450
29408 29495
29411 29465
29419 29424
29422 29490
29423 29451
29424 29495
29426 29509
29431 29444
29434 29474
29452 29480
29458 29543
29459 29463
29459 29496
29464 29540
29465 29508
29467 29552
29473 29531
29492 29550
29497 29579
29501 29580
29503 29546
29506 29565
29516 29558
29525 29560
29534 29561
29535 29546
29536 29628
29536 29538
29548 29601
29552 29606
29553 29640
29567 29592
29574 29619
29576 29600
29579 29646
29579 29671
29585 29627
29601 29668
29601 29612
29614 29650
29620 29650
29628 29690
29629 29708
29638 29669
29640 29674
29643 29690
29644 29731
29658 29720
29660 29758
29662 29719
29673 29711
29678 29718
29681 29758
29696 29734
29700 29761
29704 29793
29708 29716
29712 29810
29722 29801
29728 29828
29741 29827
29747 29799
29748 29807
29750 29794
29756 29830
29761 29774
29765 29859
29776 29862
29793 29879
29798 29822
29806 29852
29831 29841
29832 29899
29833 29928
29838 29904
29839 29865
29844 29906
29846 29877
29855 29925
29856 29878
29857 29915
29861 29926
29868 29869
29872 29946
29884 29926
29884 29950
29886 29959
29907 29984
29910 29955
29916 30016
29923 29999
29923 29956
29924 29984
29924 29969
29925 29926
29940 29987
29949 30025
29957 29994
29964 29978
29964 29968
29970 29997
29977 30055
29984 30013
29984 30053
29992 30002
29994 30036
29997 30043
30001 30035
30002 30042
30005 30069
30023 30027
30033 30066
30046 30106
30054 30149
30064 30149
30070 30074
30075 30152
30089 30112
30104 30177
30111 30155
30113 30134
30132 30203
30133 30233
30151 30194
30154 30222
30172 30217
30173 30196
30185 30253
30185 30249
30204 30236
30207 30226
30222 30302
30223 30225
30227 30248
30233 30267
30235 30275
30251 30333
30266 30295
30266 30327
30266 30325
30270 30335
30278 30318
30281 30362
30283 30376
30284 30382
30285 30338
30285 30295
30301 30378
30304 30398
30316 30321
30322 30419
30328 30418
30334 30382
30337 30384
30351 30417
30369 30461
30370 30456
30376 30471
30382 30458
30386 30454
30406 30455
30413 30513
30413 30443
30414 30474
30416 30465
30419 30450
30422 30474
30422 30442
30445 30499
30450 30478
30459 30466
30459 30479
30465 30551
30481 30523
30487 30516
30501 30521
30516 30582
30517 30546
30519 30614
30530 30573
30531 30578
30543 30568
30555 30596
30566 30615
30567 30653
30625 30672
30629 30692
30634 30726
30640 30655
30645 30728
30646 30731
30647 30689
30649 30689
30651 30687
30657 30746
30658 30666
30665 30734
30667 30697
30667 30677
30674 30736
30691 30735
30692 30761
30692 30774
30694 30760
30698 30765
30702 30730
30719 30726
30734 30823
30739 30815
30739 30782
30740 30791
30741 30836
30742 30782
30746 30834
30746 30813
30746 30805
30751 30769
30759 30846
30761 30848
30762 30774
30764 30848
30772 30788
30777 30839
30784 30805
30792 30803
30792 30857
30801 30894
30802 30901
30808 30842
30810 30843
30815 30906
30827 30876
30827 30900
30828 30837
30836 30866
30837 30887
30885 30923
30887 30893
30892 30938
30893 30915
30911 30969
30940 31009
30941 30951
30946 30962
30973 31043
30980 30986
30999 31008
31003 31084
31004 31013
31011 31099
31017 31053
31022 31030
31025 31088
31035 31135
31042 31061
31045 31046
31049 31134
31050 31138
31055 31128
31056 31118
31059 31071
31064 31143
31070 31080
31071 31135
31083 31098
31100 31174
31102 31162
31106 31156
31116 31144
31123 31168
31128 31213
31129 31209
31129 31168
31157 31195
31159 31209
31162 31235
31165 31191
31169 31256
31171 31216
31174 31204
31181 31206
31199 31218
31203 31274
31207 31298
31224 31251
31228 31306
31229 31249
31232 31240
31236 31252
31240 31314
31251 31311
31254 31283
31265 31335
31283 31287
31286 31349
31299 31310
31301 31384
31306 31364
31313 31396
31339 31396
31348 31436
31349 31423
31353 31435
31355 31430
31359 31389
31361 31435
31362 31373
31371 31400
31402 31480
31412 31502
31413 31490
31416 31490
31417 31510
31426 31464
31430 31440
31431 31449
31434 31436
31443 31463
31454 31472
31458 31541
31462 31533
31473 31482
31485 31575
31499 31512
31503 31529
31506 31599
31518 31582
31519 31531
31523 31616
31528 31615
31536 31573
31542 31616
31544 31614
31544 31588
31548 31549
31550 31620
31562 31574
31562 31634
31564 31636
31565 31643
31616 31692
31618 31684
31626 31687
31637 31640
31646 31720
31648 31732
31650 31698
31669 31704
31672 31687
31679 31718
31681 31730
31700 31733
31706 31785
31718 31778
31723 31740
31729 31738
31744 31785
31746 31762
31751 31817
31752 31757
31761 31830
31761 31796
31775 31863
31782 31803
31783 31835
31785 31812
31793 31890
31797 31880
31801 31830
31802 31872
31808 31862
31820 31858
31839 31889
31849 31866
31850 31896
31853 31933
31885 31966
31888 31927
31891 31922
31900 31909
31901 31921
31905 31935
31913 31945
31914 31994
31920 31948
31925 31981
31974 31977
31975 31976
